<?xml version="1.0" encoding="UTF-8"?>
<!-- Generated by org.testng.reporters.JUnitReportReporter -->
<testsuite hostname="christian-VirtualBox" name="com.example.maven.conversor_project_degrees_radians.DegresToRadiansTest" tests="2" failures="0" timestamp="7 Dec 2017 10:32:52 GMT" time="0.207" errors="0">
  <testcase name="testRadiansToDegres" time="0.102" classname="com.example.maven.conversor_project_degrees_radians.DegresToRadiansTest"/>
  <testcase name="testDegresToRadians" time="0.105" classname="com.example.maven.conversor_project_degrees_radians.DegresToRadiansTest"/>
</testsuite> <!-- com.example.maven.conversor_project_degrees_radians.DegresToRadiansTest -->
